<?xml version="1.0" encoding="UTF-8"?>
<testsuite xmlns:xsi="http://www.w3.org/2001/XMLSchema-instance" xsi:noNamespaceSchemaLocation="https://maven.apache.org/surefire/maven-surefire-plugin/xsd/surefire-test-report-3.0.xsd" version="3.0" name="com.minfy.s3file.AppTest" time="0.048" tests="1" errors="0" skipped="0" failures="0">
  <properties>
    <property name="java.specification.version" value="20"/>
    <property name="sun.cpu.isalist" value="amd64"/>
    <property name="sun.jnu.encoding" value="Cp1252"/>
    <property name="java.class.path" value="C:\Users\Minfy\Desktop\HealthStorzAPI1\s3file\target\test-classes;C:\Users\Minfy\Desktop\HealthStorzAPI1\s3file\target\classes;C:\Users\Minfy\.m2\repository\junit\junit\3.8.1\junit-3.8.1.jar;C:\Users\Minfy\.m2\repository\com\amazonaws\aws-lambda-java-core\1.2.3\aws-lambda-java-core-1.2.3.jar;C:\Users\Minfy\.m2\repository\com\amazonaws\aws-lambda-java-events\3.11.2\aws-lambda-java-events-3.11.2.jar;C:\Users\Minfy\.m2\repository\joda-time\joda-time\2.10.8\joda-time-2.10.8.jar;C:\Users\Minfy\.m2\repository\com\amazonaws\aws-java-sdk-s3\1.12.565\aws-java-sdk-s3-1.12.565.jar;C:\Users\Minfy\.m2\repository\com\amazonaws\aws-java-sdk-kms\1.12.565\aws-java-sdk-kms-1.12.565.jar;C:\Users\Minfy\.m2\repository\com\amazonaws\jmespath-java\1.12.565\jmespath-java-1.12.565.jar;C:\Users\Minfy\.m2\repository\com\amazonaws\aws-java-sdk-api-gateway\1.12.565\aws-java-sdk-api-gateway-1.12.565.jar;C:\Users\Minfy\.m2\repository\com\amazonaws\aws-java-sdk-lambda\1.12.565\aws-java-sdk-lambda-1.12.565.jar;C:\Users\Minfy\.m2\repository\com\amazonaws\aws-java-sdk-core\1.12.565\aws-java-sdk-core-1.12.565.jar;C:\Users\Minfy\.m2\repository\commons-logging\commons-logging\1.1.3\commons-logging-1.1.3.jar;C:\Users\Minfy\.m2\repository\commons-codec\commons-codec\1.15\commons-codec-1.15.jar;C:\Users\Minfy\.m2\repository\org\apache\httpcomponents\httpclient\4.5.13\httpclient-4.5.13.jar;C:\Users\Minfy\.m2\repository\org\apache\httpcomponents\httpcore\4.4.13\httpcore-4.4.13.jar;C:\Users\Minfy\.m2\repository\software\amazon\ion\ion-java\1.0.2\ion-java-1.0.2.jar;C:\Users\Minfy\.m2\repository\com\fasterxml\jackson\core\jackson-databind\2.12.7.1\jackson-databind-2.12.7.1.jar;C:\Users\Minfy\.m2\repository\com\fasterxml\jackson\core\jackson-annotations\2.12.7\jackson-annotations-2.12.7.jar;C:\Users\Minfy\.m2\repository\com\fasterxml\jackson\core\jackson-core\2.12.7\jackson-core-2.12.7.jar;C:\Users\Minfy\.m2\repository\com\fasterxml\jackson\dataformat\jackson-dataformat-cbor\2.12.6\jackson-dataformat-cbor-2.12.6.jar;"/>
    <property name="java.vm.vendor" value="Oracle Corporation"/>
    <property name="sun.arch.data.model" value="64"/>
    <property name="user.variant" value=""/>
    <property name="java.vendor.url" value="https://java.oracle.com/"/>
    <property name="user.timezone" value="Asia/Calcutta"/>
    <property name="os.name" value="Windows 11"/>
    <property name="java.vm.specification.version" value="20"/>
    <property name="sun.java.launcher" value="SUN_STANDARD"/>
    <property name="user.country" value="IN"/>
    <property name="sun.boot.library.path" value="C:\Program Files\Java\jdk-20\bin"/>
    <property name="sun.java.command" value="C:\Users\Minfy\AppData\Local\Temp\surefire14127521053696674467\surefirebooter-20231012171608370_3.jar C:\Users\Minfy\AppData\Local\Temp\surefire14127521053696674467 2023-10-12T17-16-08_004-jvmRun1 surefire-20231012171608370_1tmp surefire_0-20231012171608370_2tmp"/>
    <property name="jdk.debug" value="release"/>
    <property name="surefire.test.class.path" value="C:\Users\Minfy\Desktop\HealthStorzAPI1\s3file\target\test-classes;C:\Users\Minfy\Desktop\HealthStorzAPI1\s3file\target\classes;C:\Users\Minfy\.m2\repository\junit\junit\3.8.1\junit-3.8.1.jar;C:\Users\Minfy\.m2\repository\com\amazonaws\aws-lambda-java-core\1.2.3\aws-lambda-java-core-1.2.3.jar;C:\Users\Minfy\.m2\repository\com\amazonaws\aws-lambda-java-events\3.11.2\aws-lambda-java-events-3.11.2.jar;C:\Users\Minfy\.m2\repository\joda-time\joda-time\2.10.8\joda-time-2.10.8.jar;C:\Users\Minfy\.m2\repository\com\amazonaws\aws-java-sdk-s3\1.12.565\aws-java-sdk-s3-1.12.565.jar;C:\Users\Minfy\.m2\repository\com\amazonaws\aws-java-sdk-kms\1.12.565\aws-java-sdk-kms-1.12.565.jar;C:\Users\Minfy\.m2\repository\com\amazonaws\jmespath-java\1.12.565\jmespath-java-1.12.565.jar;C:\Users\Minfy\.m2\repository\com\amazonaws\aws-java-sdk-api-gateway\1.12.565\aws-java-sdk-api-gateway-1.12.565.jar;C:\Users\Minfy\.m2\repository\com\amazonaws\aws-java-sdk-lambda\1.12.565\aws-java-sdk-lambda-1.12.565.jar;C:\Users\Minfy\.m2\repository\com\amazonaws\aws-java-sdk-core\1.12.565\aws-java-sdk-core-1.12.565.jar;C:\Users\Minfy\.m2\repository\commons-logging\commons-logging\1.1.3\commons-logging-1.1.3.jar;C:\Users\Minfy\.m2\repository\commons-codec\commons-codec\1.15\commons-codec-1.15.jar;C:\Users\Minfy\.m2\repository\org\apache\httpcomponents\httpclient\4.5.13\httpclient-4.5.13.jar;C:\Users\Minfy\.m2\repository\org\apache\httpcomponents\httpcore\4.4.13\httpcore-4.4.13.jar;C:\Users\Minfy\.m2\repository\software\amazon\ion\ion-java\1.0.2\ion-java-1.0.2.jar;C:\Users\Minfy\.m2\repository\com\fasterxml\jackson\core\jackson-databind\2.12.7.1\jackson-databind-2.12.7.1.jar;C:\Users\Minfy\.m2\repository\com\fasterxml\jackson\core\jackson-annotations\2.12.7\jackson-annotations-2.12.7.jar;C:\Users\Minfy\.m2\repository\com\fasterxml\jackson\core\jackson-core\2.12.7\jackson-core-2.12.7.jar;C:\Users\Minfy\.m2\repository\com\fasterxml\jackson\dataformat\jackson-dataformat-cbor\2.12.6\jackson-dataformat-cbor-2.12.6.jar;"/>
    <property name="sun.cpu.endian" value="little"/>
    <property name="user.home" value="C:\Users\Minfy"/>
    <property name="user.language" value="en"/>
    <property name="java.specification.vendor" value="Oracle Corporation"/>
    <property name="java.version.date" value="2023-04-18"/>
    <property name="java.home" value="C:\Program Files\Java\jdk-20"/>
    <property name="file.separator" value="\"/>
    <property name="basedir" value="C:\Users\Minfy\Desktop\HealthStorzAPI1\s3file"/>
    <property name="java.vm.compressedOopsMode" value="32-bit"/>
    <property name="line.separator" value="&#10;"/>
    <property name="java.vm.specification.vendor" value="Oracle Corporation"/>
    <property name="java.specification.name" value="Java Platform API Specification"/>
    <property name="surefire.real.class.path" value="C:\Users\Minfy\AppData\Local\Temp\surefire14127521053696674467\surefirebooter-20231012171608370_3.jar"/>
    <property name="user.script" value=""/>
    <property name="sun.management.compiler" value="HotSpot 64-Bit Tiered Compilers"/>
    <property name="java.runtime.version" value="20.0.1+9-29"/>
    <property name="user.name" value="Minfy"/>
    <property name="stdout.encoding" value="Cp1252"/>
    <property name="path.separator" value=";"/>
    <property name="os.version" value="10.0"/>
    <property name="java.runtime.name" value="Java(TM) SE Runtime Environment"/>
    <property name="file.encoding" value="UTF-8"/>
    <property name="java.vm.name" value="Java HotSpot(TM) 64-Bit Server VM"/>
    <property name="localRepository" value="C:\Users\Minfy\.m2\repository"/>
    <property name="java.vendor.url.bug" value="https://bugreport.java.com/bugreport/"/>
    <property name="java.io.tmpdir" value="C:\Users\Minfy\AppData\Local\Temp\"/>
    <property name="java.version" value="20.0.1"/>
    <property name="user.dir" value="C:\Users\Minfy\Desktop\HealthStorzAPI1\s3file"/>
    <property name="os.arch" value="amd64"/>
    <property name="java.vm.specification.name" value="Java Virtual Machine Specification"/>
    <property name="sun.os.patch.level" value=""/>
    <property name="native.encoding" value="Cp1252"/>
    <property name="java.library.path" value="C:\Program Files\Java\jdk-20\bin;C:\WINDOWS\Sun\Java\bin;C:\WINDOWS\system32;C:\WINDOWS;C:\Program Files\Common Files\Oracle\Java\javapath;C:\WINDOWS\system32;C:\WINDOWS;C:\WINDOWS\System32\Wbem;C:\WINDOWS\System32\WindowsPowerShell\v1.0\;C:\WINDOWS\System32\OpenSSH\;C:\HashiCorp\Vagrant\bin;C:\Program Files\nodejs\;C:\Program Files\Git\cmd;C:\Program Files\Java\jdk-20\bin;C:\Program Files\Amazon\AWSSAMCLI\bin\;C:\Program Files\MySQL\MySQL Server 8.0\bin;C:\Program Files\apache-maven-3.9.4\bin;C:\Program Files\MySQL\MySQL Shell 8.0\bin\;C:\Users\Minfy\AppData\Local\Programs\Python\Python311\Scripts\;C:\Users\Minfy\AppData\Local\Programs\Python\Python311\;C:\Users\Minfy\AppData\Local\Microsoft\WindowsApps;C:\Users\Minfy\AppData\Local\Programs\Microsoft VS Code\bin;C:\Users\Minfy\AppData\Roaming\npm;C:\Program Files\JetBrains\IntelliJ IDEA Community Edition 2023.1.4\bin;."/>
    <property name="java.vm.info" value="mixed mode, sharing"/>
    <property name="stderr.encoding" value="Cp1252"/>
    <property name="java.vendor" value="Oracle Corporation"/>
    <property name="java.vm.version" value="20.0.1+9-29"/>
    <property name="sun.io.unicode.encoding" value="UnicodeLittle"/>
    <property name="java.class.version" value="64.0"/>
  </properties>
  <testcase name="testApp" classname="com.minfy.s3file.AppTest" time="0.008"/>
</testsuite>